<?xml version="1.0" encoding="UTF-8"?>
<testng-results ignored="0" total="2" passed="2" failed="0" skipped="0">
  <reporter-output>
  </reporter-output>
  <suite started-at="2021-11-29T06:54:55 CST" name="Suite" finished-at="2021-11-29T06:54:55 CST" duration-ms="45">
    <groups>
    </groups>
    <test started-at="2021-11-29T06:54:55 CST" name="Test" finished-at="2021-11-29T06:54:55 CST" duration-ms="45">
      <class name="com.mycompany.app.AppTest">
        <test-method signature="shouldAnswerWithTrue()[pri:0, instance:com.mycompany.app.AppTest@3541cb24]" started-at="2021-11-29T06:54:55 CST" name="shouldAnswerWithTrue" finished-at="2021-11-29T06:54:55 CST" duration-ms="2" status="PASS">
          <reporter-output>
          </reporter-output>
        </test-method> <!-- shouldAnswerWithTrue -->
      </class> <!-- com.mycompany.app.AppTest -->
      <class name="com.mycompany.app.AppDemo">
        <test-method signature="test()[pri:0, instance:com.mycompany.app.AppDemo@6497b078]" started-at="2021-11-29T06:54:55 CST" name="test" finished-at="2021-11-29T06:54:55 CST" duration-ms="8" status="PASS">
          <reporter-output>
          </reporter-output>
        </test-method> <!-- test -->
      </class> <!-- com.mycompany.app.AppDemo -->
    </test> <!-- Test -->
  </suite> <!-- Suite -->
</testng-results>
